<?xml version="1.0" encoding="UTF-8"?>
<testsuite xmlns:xsi="http://www.w3.org/2001/XMLSchema-instance" xsi:noNamespaceSchemaLocation="https://maven.apache.org/surefire/maven-surefire-plugin/xsd/surefire-test-report-3.0.xsd" version="3.0" name="com.hrms.runners.SmokeRunner" time="42.167" tests="4" errors="4" skipped="0" failures="0">
  <properties>
    <property name="sun.desktop" value="windows"/>
    <property name="awt.toolkit" value="sun.awt.windows.WToolkit"/>
    <property name="file.encoding.pkg" value="sun.io"/>
    <property name="java.specification.version" value="1.8"/>
    <property name="sun.cpu.isalist" value="amd64"/>
    <property name="sun.jnu.encoding" value="Cp1254"/>
    <property name="java.class.path" value="C:\Users\kadir\eclipse-workspace\HRMSCucumberApiFramework\HrmsCucumberFramework\target\test-classes;C:\Users\kadir\eclipse-workspace\HRMSCucumberApiFramework\HrmsCucumberFramework\target\classes;C:\WINDOWS\system32\config\systemprofile\.m2\repository\org\json\json\20160810\json-20160810.jar;C:\WINDOWS\system32\config\systemprofile\.m2\repository\org\apache\poi\poi-ooxml\4.1.0\poi-ooxml-4.1.0.jar;C:\WINDOWS\system32\config\systemprofile\.m2\repository\org\apache\poi\poi\4.1.0\poi-4.1.0.jar;C:\WINDOWS\system32\config\systemprofile\.m2\repository\commons-codec\commons-codec\1.12\commons-codec-1.12.jar;C:\WINDOWS\system32\config\systemprofile\.m2\repository\org\apache\commons\commons-collections4\4.3\commons-collections4-4.3.jar;C:\WINDOWS\system32\config\systemprofile\.m2\repository\org\apache\commons\commons-math3\3.6.1\commons-math3-3.6.1.jar;C:\WINDOWS\system32\config\systemprofile\.m2\repository\org\apache\poi\poi-ooxml-schemas\4.1.0\poi-ooxml-schemas-4.1.0.jar;C:\WINDOWS\system32\config\systemprofile\.m2\repository\org\apache\xmlbeans\xmlbeans\3.1.0\xmlbeans-3.1.0.jar;C:\WINDOWS\system32\config\systemprofile\.m2\repository\org\apache\commons\commons-compress\1.18\commons-compress-1.18.jar;C:\WINDOWS\system32\config\systemprofile\.m2\repository\com\github\virtuald\curvesapi\1.06\curvesapi-1.06.jar;C:\WINDOWS\system32\config\systemprofile\.m2\repository\org\seleniumhq\selenium\selenium-java\3.141.59\selenium-java-3.141.59.jar;C:\WINDOWS\system32\config\systemprofile\.m2\repository\org\seleniumhq\selenium\selenium-api\3.141.59\selenium-api-3.141.59.jar;C:\WINDOWS\system32\config\systemprofile\.m2\repository\org\seleniumhq\selenium\selenium-chrome-driver\3.141.59\selenium-chrome-driver-3.141.59.jar;C:\WINDOWS\system32\config\systemprofile\.m2\repository\org\seleniumhq\selenium\selenium-edge-driver\3.141.59\selenium-edge-driver-3.141.59.jar;C:\WINDOWS\system32\config\systemprofile\.m2\repository\org\seleniumhq\selenium\selenium-firefox-driver\3.141.59\selenium-firefox-driver-3.141.59.jar;C:\WINDOWS\system32\config\systemprofile\.m2\repository\org\seleniumhq\selenium\selenium-ie-driver\3.141.59\selenium-ie-driver-3.141.59.jar;C:\WINDOWS\system32\config\systemprofile\.m2\repository\org\seleniumhq\selenium\selenium-opera-driver\3.141.59\selenium-opera-driver-3.141.59.jar;C:\WINDOWS\system32\config\systemprofile\.m2\repository\org\seleniumhq\selenium\selenium-remote-driver\3.141.59\selenium-remote-driver-3.141.59.jar;C:\WINDOWS\system32\config\systemprofile\.m2\repository\org\seleniumhq\selenium\selenium-safari-driver\3.141.59\selenium-safari-driver-3.141.59.jar;C:\WINDOWS\system32\config\systemprofile\.m2\repository\org\seleniumhq\selenium\selenium-support\3.141.59\selenium-support-3.141.59.jar;C:\WINDOWS\system32\config\systemprofile\.m2\repository\net\bytebuddy\byte-buddy\1.8.15\byte-buddy-1.8.15.jar;C:\WINDOWS\system32\config\systemprofile\.m2\repository\org\apache\commons\commons-exec\1.3\commons-exec-1.3.jar;C:\WINDOWS\system32\config\systemprofile\.m2\repository\com\google\guava\guava\25.0-jre\guava-25.0-jre.jar;C:\WINDOWS\system32\config\systemprofile\.m2\repository\com\google\code\findbugs\jsr305\1.3.9\jsr305-1.3.9.jar;C:\WINDOWS\system32\config\systemprofile\.m2\repository\org\checkerframework\checker-compat-qual\2.0.0\checker-compat-qual-2.0.0.jar;C:\WINDOWS\system32\config\systemprofile\.m2\repository\com\google\errorprone\error_prone_annotations\2.1.3\error_prone_annotations-2.1.3.jar;C:\WINDOWS\system32\config\systemprofile\.m2\repository\com\google\j2objc\j2objc-annotations\1.1\j2objc-annotations-1.1.jar;C:\WINDOWS\system32\config\systemprofile\.m2\repository\org\codehaus\mojo\animal-sniffer-annotations\1.14\animal-sniffer-annotations-1.14.jar;C:\WINDOWS\system32\config\systemprofile\.m2\repository\com\squareup\okhttp3\okhttp\3.11.0\okhttp-3.11.0.jar;C:\WINDOWS\system32\config\systemprofile\.m2\repository\com\squareup\okio\okio\1.14.0\okio-1.14.0.jar;C:\WINDOWS\system32\config\systemprofile\.m2\repository\commons-io\commons-io\2.6\commons-io-2.6.jar;C:\WINDOWS\system32\config\systemprofile\.m2\repository\io\cucumber\cucumber-junit\4.3.0\cucumber-junit-4.3.0.jar;C:\WINDOWS\system32\config\systemprofile\.m2\repository\io\cucumber\cucumber-core\4.3.0\cucumber-core-4.3.0.jar;C:\WINDOWS\system32\config\systemprofile\.m2\repository\io\cucumber\cucumber-html\0.2.7\cucumber-html-0.2.7.jar;C:\WINDOWS\system32\config\systemprofile\.m2\repository\io\cucumber\gherkin\5.1.0\gherkin-5.1.0.jar;C:\WINDOWS\system32\config\systemprofile\.m2\repository\io\cucumber\tag-expressions\1.1.1\tag-expressions-1.1.1.jar;C:\WINDOWS\system32\config\systemprofile\.m2\repository\io\cucumber\cucumber-expressions\6.2.2\cucumber-expressions-6.2.2.jar;C:\WINDOWS\system32\config\systemprofile\.m2\repository\io\cucumber\datatable\1.1.12\datatable-1.1.12.jar;C:\WINDOWS\system32\config\systemprofile\.m2\repository\io\cucumber\datatable-dependencies\1.1.12\datatable-dependencies-1.1.12.jar;C:\WINDOWS\system32\config\systemprofile\.m2\repository\junit\junit\4.12\junit-4.12.jar;C:\WINDOWS\system32\config\systemprofile\.m2\repository\org\hamcrest\hamcrest-core\1.3\hamcrest-core-1.3.jar;C:\WINDOWS\system32\config\systemprofile\.m2\repository\io\cucumber\cucumber-java\4.3.0\cucumber-java-4.3.0.jar;C:\WINDOWS\system32\config\systemprofile\.m2\repository\io\rest-assured\rest-assured\4.2.0\rest-assured-4.2.0.jar;C:\WINDOWS\system32\config\systemprofile\.m2\repository\org\codehaus\groovy\groovy\2.5.8\groovy-2.5.8.jar;C:\WINDOWS\system32\config\systemprofile\.m2\repository\org\codehaus\groovy\groovy-xml\2.5.8\groovy-xml-2.5.8.jar;C:\WINDOWS\system32\config\systemprofile\.m2\repository\org\apache\httpcomponents\httpclient\4.5.3\httpclient-4.5.3.jar;C:\WINDOWS\system32\config\systemprofile\.m2\repository\org\apache\httpcomponents\httpcore\4.4.6\httpcore-4.4.6.jar;C:\WINDOWS\system32\config\systemprofile\.m2\repository\commons-logging\commons-logging\1.2\commons-logging-1.2.jar;C:\WINDOWS\system32\config\systemprofile\.m2\repository\org\apache\httpcomponents\httpmime\4.5.3\httpmime-4.5.3.jar;C:\WINDOWS\system32\config\systemprofile\.m2\repository\org\hamcrest\hamcrest\2.1\hamcrest-2.1.jar;C:\WINDOWS\system32\config\systemprofile\.m2\repository\org\ccil\cowan\tagsoup\tagsoup\1.2.1\tagsoup-1.2.1.jar;C:\WINDOWS\system32\config\systemprofile\.m2\repository\io\rest-assured\json-path\4.2.0\json-path-4.2.0.jar;C:\WINDOWS\system32\config\systemprofile\.m2\repository\org\codehaus\groovy\groovy-json\2.5.8\groovy-json-2.5.8.jar;C:\WINDOWS\system32\config\systemprofile\.m2\repository\io\rest-assured\rest-assured-common\4.2.0\rest-assured-common-4.2.0.jar;C:\WINDOWS\system32\config\systemprofile\.m2\repository\io\rest-assured\xml-path\4.2.0\xml-path-4.2.0.jar;C:\WINDOWS\system32\config\systemprofile\.m2\repository\org\apache\commons\commons-lang3\3.4\commons-lang3-3.4.jar;C:\WINDOWS\system32\config\systemprofile\.m2\repository\jakarta\xml\bind\jakarta.xml.bind-api\2.3.2\jakarta.xml.bind-api-2.3.2.jar;C:\WINDOWS\system32\config\systemprofile\.m2\repository\jakarta\activation\jakarta.activation-api\1.2.1\jakarta.activation-api-1.2.1.jar;C:\WINDOWS\system32\config\systemprofile\.m2\repository\com\sun\xml\bind\jaxb-osgi\2.3.0.1\jaxb-osgi-2.3.0.1.jar;C:\WINDOWS\system32\config\systemprofile\.m2\repository\org\apache\sling\org.apache.sling.javax.activation\0.1.0\org.apache.sling.javax.activation-0.1.0.jar;C:\WINDOWS\system32\config\systemprofile\.m2\repository\javax\activation\activation\1.1.1\activation-1.1.1.jar;C:\WINDOWS\system32\config\systemprofile\.m2\repository\mysql\mysql-connector-java\8.0.19\mysql-connector-java-8.0.19.jar;C:\WINDOWS\system32\config\systemprofile\.m2\repository\com\google\protobuf\protobuf-java\3.6.1\protobuf-java-3.6.1.jar;C:\WINDOWS\system32\config\systemprofile\.m2\repository\com\google\code\gson\gson\2.8.5\gson-2.8.5.jar;"/>
    <property name="java.vm.vendor" value="Oracle Corporation"/>
    <property name="sun.arch.data.model" value="64"/>
    <property name="user.variant" value=""/>
    <property name="java.vendor.url" value="http://java.oracle.com/"/>
    <property name="user.timezone" value="America/New_York"/>
    <property name="java.vm.specification.version" value="1.8"/>
    <property name="os.name" value="Windows 10"/>
    <property name="user.country" value="US"/>
    <property name="sun.java.launcher" value="SUN_STANDARD"/>
    <property name="sun.boot.library.path" value="C:\Program Files\Java\jdk1.8.0_221\jre\bin"/>
    <property name="sun.java.command" value="C:\Windows\Temp\surefire5684611152035405661\surefirebooter4713724699871623657.jar C:\Windows\Temp\surefire5684611152035405661 2020-03-07T14-46-36_450-jvmRun1 surefire2610931597056498529tmp surefire_06401800532561844600tmp"/>
    <property name="surefire.test.class.path" value="C:\Users\kadir\eclipse-workspace\HRMSCucumberApiFramework\HrmsCucumberFramework\target\test-classes;C:\Users\kadir\eclipse-workspace\HRMSCucumberApiFramework\HrmsCucumberFramework\target\classes;C:\WINDOWS\system32\config\systemprofile\.m2\repository\org\json\json\20160810\json-20160810.jar;C:\WINDOWS\system32\config\systemprofile\.m2\repository\org\apache\poi\poi-ooxml\4.1.0\poi-ooxml-4.1.0.jar;C:\WINDOWS\system32\config\systemprofile\.m2\repository\org\apache\poi\poi\4.1.0\poi-4.1.0.jar;C:\WINDOWS\system32\config\systemprofile\.m2\repository\commons-codec\commons-codec\1.12\commons-codec-1.12.jar;C:\WINDOWS\system32\config\systemprofile\.m2\repository\org\apache\commons\commons-collections4\4.3\commons-collections4-4.3.jar;C:\WINDOWS\system32\config\systemprofile\.m2\repository\org\apache\commons\commons-math3\3.6.1\commons-math3-3.6.1.jar;C:\WINDOWS\system32\config\systemprofile\.m2\repository\org\apache\poi\poi-ooxml-schemas\4.1.0\poi-ooxml-schemas-4.1.0.jar;C:\WINDOWS\system32\config\systemprofile\.m2\repository\org\apache\xmlbeans\xmlbeans\3.1.0\xmlbeans-3.1.0.jar;C:\WINDOWS\system32\config\systemprofile\.m2\repository\org\apache\commons\commons-compress\1.18\commons-compress-1.18.jar;C:\WINDOWS\system32\config\systemprofile\.m2\repository\com\github\virtuald\curvesapi\1.06\curvesapi-1.06.jar;C:\WINDOWS\system32\config\systemprofile\.m2\repository\org\seleniumhq\selenium\selenium-java\3.141.59\selenium-java-3.141.59.jar;C:\WINDOWS\system32\config\systemprofile\.m2\repository\org\seleniumhq\selenium\selenium-api\3.141.59\selenium-api-3.141.59.jar;C:\WINDOWS\system32\config\systemprofile\.m2\repository\org\seleniumhq\selenium\selenium-chrome-driver\3.141.59\selenium-chrome-driver-3.141.59.jar;C:\WINDOWS\system32\config\systemprofile\.m2\repository\org\seleniumhq\selenium\selenium-edge-driver\3.141.59\selenium-edge-driver-3.141.59.jar;C:\WINDOWS\system32\config\systemprofile\.m2\repository\org\seleniumhq\selenium\selenium-firefox-driver\3.141.59\selenium-firefox-driver-3.141.59.jar;C:\WINDOWS\system32\config\systemprofile\.m2\repository\org\seleniumhq\selenium\selenium-ie-driver\3.141.59\selenium-ie-driver-3.141.59.jar;C:\WINDOWS\system32\config\systemprofile\.m2\repository\org\seleniumhq\selenium\selenium-opera-driver\3.141.59\selenium-opera-driver-3.141.59.jar;C:\WINDOWS\system32\config\systemprofile\.m2\repository\org\seleniumhq\selenium\selenium-remote-driver\3.141.59\selenium-remote-driver-3.141.59.jar;C:\WINDOWS\system32\config\systemprofile\.m2\repository\org\seleniumhq\selenium\selenium-safari-driver\3.141.59\selenium-safari-driver-3.141.59.jar;C:\WINDOWS\system32\config\systemprofile\.m2\repository\org\seleniumhq\selenium\selenium-support\3.141.59\selenium-support-3.141.59.jar;C:\WINDOWS\system32\config\systemprofile\.m2\repository\net\bytebuddy\byte-buddy\1.8.15\byte-buddy-1.8.15.jar;C:\WINDOWS\system32\config\systemprofile\.m2\repository\org\apache\commons\commons-exec\1.3\commons-exec-1.3.jar;C:\WINDOWS\system32\config\systemprofile\.m2\repository\com\google\guava\guava\25.0-jre\guava-25.0-jre.jar;C:\WINDOWS\system32\config\systemprofile\.m2\repository\com\google\code\findbugs\jsr305\1.3.9\jsr305-1.3.9.jar;C:\WINDOWS\system32\config\systemprofile\.m2\repository\org\checkerframework\checker-compat-qual\2.0.0\checker-compat-qual-2.0.0.jar;C:\WINDOWS\system32\config\systemprofile\.m2\repository\com\google\errorprone\error_prone_annotations\2.1.3\error_prone_annotations-2.1.3.jar;C:\WINDOWS\system32\config\systemprofile\.m2\repository\com\google\j2objc\j2objc-annotations\1.1\j2objc-annotations-1.1.jar;C:\WINDOWS\system32\config\systemprofile\.m2\repository\org\codehaus\mojo\animal-sniffer-annotations\1.14\animal-sniffer-annotations-1.14.jar;C:\WINDOWS\system32\config\systemprofile\.m2\repository\com\squareup\okhttp3\okhttp\3.11.0\okhttp-3.11.0.jar;C:\WINDOWS\system32\config\systemprofile\.m2\repository\com\squareup\okio\okio\1.14.0\okio-1.14.0.jar;C:\WINDOWS\system32\config\systemprofile\.m2\repository\commons-io\commons-io\2.6\commons-io-2.6.jar;C:\WINDOWS\system32\config\systemprofile\.m2\repository\io\cucumber\cucumber-junit\4.3.0\cucumber-junit-4.3.0.jar;C:\WINDOWS\system32\config\systemprofile\.m2\repository\io\cucumber\cucumber-core\4.3.0\cucumber-core-4.3.0.jar;C:\WINDOWS\system32\config\systemprofile\.m2\repository\io\cucumber\cucumber-html\0.2.7\cucumber-html-0.2.7.jar;C:\WINDOWS\system32\config\systemprofile\.m2\repository\io\cucumber\gherkin\5.1.0\gherkin-5.1.0.jar;C:\WINDOWS\system32\config\systemprofile\.m2\repository\io\cucumber\tag-expressions\1.1.1\tag-expressions-1.1.1.jar;C:\WINDOWS\system32\config\systemprofile\.m2\repository\io\cucumber\cucumber-expressions\6.2.2\cucumber-expressions-6.2.2.jar;C:\WINDOWS\system32\config\systemprofile\.m2\repository\io\cucumber\datatable\1.1.12\datatable-1.1.12.jar;C:\WINDOWS\system32\config\systemprofile\.m2\repository\io\cucumber\datatable-dependencies\1.1.12\datatable-dependencies-1.1.12.jar;C:\WINDOWS\system32\config\systemprofile\.m2\repository\junit\junit\4.12\junit-4.12.jar;C:\WINDOWS\system32\config\systemprofile\.m2\repository\org\hamcrest\hamcrest-core\1.3\hamcrest-core-1.3.jar;C:\WINDOWS\system32\config\systemprofile\.m2\repository\io\cucumber\cucumber-java\4.3.0\cucumber-java-4.3.0.jar;C:\WINDOWS\system32\config\systemprofile\.m2\repository\io\rest-assured\rest-assured\4.2.0\rest-assured-4.2.0.jar;C:\WINDOWS\system32\config\systemprofile\.m2\repository\org\codehaus\groovy\groovy\2.5.8\groovy-2.5.8.jar;C:\WINDOWS\system32\config\systemprofile\.m2\repository\org\codehaus\groovy\groovy-xml\2.5.8\groovy-xml-2.5.8.jar;C:\WINDOWS\system32\config\systemprofile\.m2\repository\org\apache\httpcomponents\httpclient\4.5.3\httpclient-4.5.3.jar;C:\WINDOWS\system32\config\systemprofile\.m2\repository\org\apache\httpcomponents\httpcore\4.4.6\httpcore-4.4.6.jar;C:\WINDOWS\system32\config\systemprofile\.m2\repository\commons-logging\commons-logging\1.2\commons-logging-1.2.jar;C:\WINDOWS\system32\config\systemprofile\.m2\repository\org\apache\httpcomponents\httpmime\4.5.3\httpmime-4.5.3.jar;C:\WINDOWS\system32\config\systemprofile\.m2\repository\org\hamcrest\hamcrest\2.1\hamcrest-2.1.jar;C:\WINDOWS\system32\config\systemprofile\.m2\repository\org\ccil\cowan\tagsoup\tagsoup\1.2.1\tagsoup-1.2.1.jar;C:\WINDOWS\system32\config\systemprofile\.m2\repository\io\rest-assured\json-path\4.2.0\json-path-4.2.0.jar;C:\WINDOWS\system32\config\systemprofile\.m2\repository\org\codehaus\groovy\groovy-json\2.5.8\groovy-json-2.5.8.jar;C:\WINDOWS\system32\config\systemprofile\.m2\repository\io\rest-assured\rest-assured-common\4.2.0\rest-assured-common-4.2.0.jar;C:\WINDOWS\system32\config\systemprofile\.m2\repository\io\rest-assured\xml-path\4.2.0\xml-path-4.2.0.jar;C:\WINDOWS\system32\config\systemprofile\.m2\repository\org\apache\commons\commons-lang3\3.4\commons-lang3-3.4.jar;C:\WINDOWS\system32\config\systemprofile\.m2\repository\jakarta\xml\bind\jakarta.xml.bind-api\2.3.2\jakarta.xml.bind-api-2.3.2.jar;C:\WINDOWS\system32\config\systemprofile\.m2\repository\jakarta\activation\jakarta.activation-api\1.2.1\jakarta.activation-api-1.2.1.jar;C:\WINDOWS\system32\config\systemprofile\.m2\repository\com\sun\xml\bind\jaxb-osgi\2.3.0.1\jaxb-osgi-2.3.0.1.jar;C:\WINDOWS\system32\config\systemprofile\.m2\repository\org\apache\sling\org.apache.sling.javax.activation\0.1.0\org.apache.sling.javax.activation-0.1.0.jar;C:\WINDOWS\system32\config\systemprofile\.m2\repository\javax\activation\activation\1.1.1\activation-1.1.1.jar;C:\WINDOWS\system32\config\systemprofile\.m2\repository\mysql\mysql-connector-java\8.0.19\mysql-connector-java-8.0.19.jar;C:\WINDOWS\system32\config\systemprofile\.m2\repository\com\google\protobuf\protobuf-java\3.6.1\protobuf-java-3.6.1.jar;C:\WINDOWS\system32\config\systemprofile\.m2\repository\com\google\code\gson\gson\2.8.5\gson-2.8.5.jar;"/>
    <property name="sun.cpu.endian" value="little"/>
    <property name="user.home" value="C:\WINDOWS\system32\config\systemprofile"/>
    <property name="user.language" value="en"/>
    <property name="java.specification.vendor" value="Oracle Corporation"/>
    <property name="java.home" value="C:\Program Files\Java\jdk1.8.0_221\jre"/>
    <property name="basedir" value="C:\Users\kadir\eclipse-workspace\HRMSCucumberApiFramework\HrmsCucumberFramework"/>
    <property name="file.separator" value="\"/>
    <property name="line.separator" value="&#10;"/>
    <property name="java.vm.specification.vendor" value="Oracle Corporation"/>
    <property name="java.specification.name" value="Java Platform API Specification"/>
    <property name="java.awt.graphicsenv" value="sun.awt.Win32GraphicsEnvironment"/>
    <property name="surefire.real.class.path" value="C:\Windows\Temp\surefire5684611152035405661\surefirebooter4713724699871623657.jar"/>
    <property name="sun.boot.class.path" value="C:\Program Files\Java\jdk1.8.0_221\jre\lib\resources.jar;C:\Program Files\Java\jdk1.8.0_221\jre\lib\rt.jar;C:\Program Files\Java\jdk1.8.0_221\jre\lib\sunrsasign.jar;C:\Program Files\Java\jdk1.8.0_221\jre\lib\jsse.jar;C:\Program Files\Java\jdk1.8.0_221\jre\lib\jce.jar;C:\Program Files\Java\jdk1.8.0_221\jre\lib\charsets.jar;C:\Program Files\Java\jdk1.8.0_221\jre\lib\jfr.jar;C:\Program Files\Java\jdk1.8.0_221\jre\classes"/>
    <property name="user.script" value=""/>
    <property name="sun.management.compiler" value="HotSpot 64-Bit Tiered Compilers"/>
    <property name="java.runtime.version" value="1.8.0_221-b11"/>
    <property name="user.name" value="DESKTOP-N9VNCM1$"/>
    <property name="path.separator" value=";"/>
    <property name="os.version" value="10.0"/>
    <property name="java.endorsed.dirs" value="C:\Program Files\Java\jdk1.8.0_221\jre\lib\endorsed"/>
    <property name="java.runtime.name" value="Java(TM) SE Runtime Environment"/>
    <property name="file.encoding" value="Cp1254"/>
    <property name="java.vm.name" value="Java HotSpot(TM) 64-Bit Server VM"/>
    <property name="localRepository" value="C:\WINDOWS\system32\config\systemprofile\.m2\repository"/>
    <property name="java.vendor.url.bug" value="http://bugreport.sun.com/bugreport/"/>
    <property name="java.io.tmpdir" value="C:\WINDOWS\TEMP\"/>
    <property name="java.version" value="1.8.0_221"/>
    <property name="user.dir" value="C:\Users\kadir\eclipse-workspace\HRMSCucumberApiFramework\HrmsCucumberFramework"/>
    <property name="os.arch" value="amd64"/>
    <property name="java.vm.specification.name" value="Java Virtual Machine Specification"/>
    <property name="java.awt.printerjob" value="sun.awt.windows.WPrinterJob"/>
    <property name="sun.os.patch.level" value=""/>
    <property name="java.library.path" value="C:\Program Files\Java\jdk1.8.0_221\jre\bin;C:\WINDOWS\Sun\Java\bin;C:\WINDOWS\system32;C:\WINDOWS;C:\Program Files (x86)\Jenkins\tools\hudson.tasks.Maven_MavenInstallation\Maven/bin;C:\Program Files\Java\jdk1.8.0_221/bin;C:\Program Files\Java\jdk1.8.0_221/bin;C:\Program Files (x86)\Common Files\Oracle\Java\javapath;C:\WINDOWS\system32;C:\WINDOWS;C:\WINDOWS\System32\Wbem;C:\WINDOWS\System32\WindowsPowerShell\v1.0\;C:\WINDOWS\System32\OpenSSH\;C:\Program Files (x86)\Microsoft SQL Server\110\Tools\Binn\;C:\Program Files\Microsoft SQL Server\110\Tools\Binn\;C:\Program Files\Microsoft SQL Server\110\DTS\Binn\;C:\Program Files (x86)\combit\LL19\Redistributable Files\;C:\Program Files (x86)\combit\LL21\Redistributable Files\;C:\Program Files\Java\jdk1.8.0_221\bin;C:\Program Files\Git\cmd;C:\Program Files (x86)\Brackets\command;C:\Users\kadir\Documents\apache-maven-3.6.3\bin;C:\WINDOWS\system32\config\systemprofile\AppData\Local\Microsoft\WindowsApps;."/>
    <property name="java.vm.info" value="mixed mode"/>
    <property name="java.vendor" value="Oracle Corporation"/>
    <property name="java.vm.version" value="25.221-b11"/>
    <property name="java.ext.dirs" value="C:\Program Files\Java\jdk1.8.0_221\jre\lib\ext;C:\WINDOWS\Sun\Java\lib\ext"/>
    <property name="sun.io.unicode.encoding" value="UnicodeLittle"/>
    <property name="java.class.version" value="52.0"/>
  </properties>
  <testcase name="Valid  login" classname="Login" time="21.153">
    <error message="Timed out waiting for driver server to start.&#10;Build info: version: &apos;3.141.59&apos;, revision: &apos;e82be7d358&apos;, time: &apos;2018-11-14T08:17:03&apos;&#10;System info: host: &apos;DESKTOP-N9VNCM1&apos;, ip: &apos;192.168.43.244&apos;, os.name: &apos;Windows 10&apos;, os.arch: &apos;amd64&apos;, os.version: &apos;10.0&apos;, java.version: &apos;1.8.0_221&apos;&#10;Driver info: driver.version: ChromeDriver" type="org.openqa.selenium.WebDriverException"><![CDATA[org.openqa.selenium.WebDriverException: 
Timed out waiting for driver server to start.
Build info: version: '3.141.59', revision: 'e82be7d358', time: '2018-11-14T08:17:03'
System info: host: 'DESKTOP-N9VNCM1', ip: '192.168.43.244', os.name: 'Windows 10', os.arch: 'amd64', os.version: '10.0', java.version: '1.8.0_221'
Driver info: driver.version: ChromeDriver
Caused by: org.openqa.selenium.net.UrlChecker$TimeoutException: Timed out waiting for [http://localhost:10918/status] to be available after 20010 ms
Caused by: java.util.concurrent.TimeoutException
]]></error>
    <system-out><![CDATA[Starting scenario Valid  login
Ending scenario Valid  login
]]></system-out>
    <system-err><![CDATA[Mar 07, 2020 2:47:03 PM org.openqa.selenium.os.OsProcess checkForError
SEVERE: org.apache.commons.exec.ExecuteException: Execution failed (Exit value: -559038737. Caused by java.io.IOException: Cannot run program "C:\Users\kadir\eclipse-workspace\HRMSCucumberApiFramework\HrmsCucumberFramework\src\test\resources\drivers\chromedriver" (in directory "."): CreateProcess error=193, %1 is not a valid Win32 application)
]]></system-err>
  </testcase>
  <testcase name="Valid  login" classname="Login" time="21.153">
    <error type="java.lang.NullPointerException"><![CDATA[java.lang.NullPointerException
]]></error>
  </testcase>
  <testcase name="Invalid Login" classname="Login" time="20.018">
    <error message="Timed out waiting for driver server to start.&#10;Build info: version: &apos;3.141.59&apos;, revision: &apos;e82be7d358&apos;, time: &apos;2018-11-14T08:17:03&apos;&#10;System info: host: &apos;DESKTOP-N9VNCM1&apos;, ip: &apos;192.168.43.244&apos;, os.name: &apos;Windows 10&apos;, os.arch: &apos;amd64&apos;, os.version: &apos;10.0&apos;, java.version: &apos;1.8.0_221&apos;&#10;Driver info: driver.version: ChromeDriver" type="org.openqa.selenium.WebDriverException"><![CDATA[org.openqa.selenium.WebDriverException: 
Timed out waiting for driver server to start.
Build info: version: '3.141.59', revision: 'e82be7d358', time: '2018-11-14T08:17:03'
System info: host: 'DESKTOP-N9VNCM1', ip: '192.168.43.244', os.name: 'Windows 10', os.arch: 'amd64', os.version: '10.0', java.version: '1.8.0_221'
Driver info: driver.version: ChromeDriver
Caused by: org.openqa.selenium.net.UrlChecker$TimeoutException: Timed out waiting for [http://localhost:20012/status] to be available after 20001 ms
Caused by: java.util.concurrent.TimeoutException
]]></error>
    <system-out><![CDATA[Starting scenario Invalid Login
Ending scenario Invalid Login
]]></system-out>
    <system-err><![CDATA[Mar 07, 2020 2:47:23 PM org.openqa.selenium.os.OsProcess checkForError
SEVERE: org.apache.commons.exec.ExecuteException: Execution failed (Exit value: -559038737. Caused by java.io.IOException: Cannot run program "C:\Users\kadir\eclipse-workspace\HRMSCucumberApiFramework\HrmsCucumberFramework\src\test\resources\drivers\chromedriver" (in directory "."): CreateProcess error=193, %1 is not a valid Win32 application)
]]></system-err>
  </testcase>
  <testcase name="Invalid Login" classname="Login" time="20.018">
    <error type="java.lang.NullPointerException"><![CDATA[java.lang.NullPointerException
]]></error>
  </testcase>
</testsuite>